<?xml version="1.0" encoding="UTF-8"?>
<robot generator="Robot 7.0 (Python 3.11.1 on win32)" generated="2024-01-27T13:49:33.876000" rpa="false" schemaversion="5">
<suite id="s1" name="Test" source="D:\DATA RIDHO\AKSARAMAYA\Software-Testing-Learn\test.robot">
<test id="s1-t1" name="Buka google" line="8">
<kw name="Open Browser" owner="SeleniumLibrary">
<msg time="2024-01-27T13:49:34.494646" level="INFO">Opening browser 'chrome' to base url 'https://d1cjkrpphak3fo.cloudfront.net/'.</msg>
<arg>${URL}</arg>
<arg>chrome</arg>
<doc>Opens a new browser instance to the optional ``url``.</doc>
<status status="PASS" start="2024-01-27T13:49:34.494646" elapsed="4.126065"/>
</kw>
<kw name="Wait Until Element Is Visible" owner="SeleniumLibrary">
<arg>xpath://input[@id='normal_login_email']</arg>
<doc>Waits until the element ``locator`` is visible.</doc>
<status status="PASS" start="2024-01-27T13:49:38.622711" elapsed="3.600987"/>
</kw>
<kw name="Input Text" owner="SeleniumLibrary">
<msg time="2024-01-27T13:49:42.225695" level="INFO">Typing text 'iinhu@grr.la' into text field '//input[@id='normal_login_email']'.</msg>
<arg>//input[@id='normal_login_email']</arg>
<arg>iinhu@grr.la</arg>
<doc>Types the given ``text`` into the text field identified by ``locator``.</doc>
<status status="PASS" start="2024-01-27T13:49:42.224696" elapsed="0.384779"/>
</kw>
<kw name="Input Password" owner="SeleniumLibrary">
<msg time="2024-01-27T13:49:42.610475" level="INFO">Typing password into text field '//input[@id='normal_login_password']'.</msg>
<msg time="2024-01-27T13:49:42.825396" level="INFO">Temporally setting log level to: NONE</msg>
<arg>//input[@id='normal_login_password']</arg>
<arg>12345678</arg>
<doc>Types the given password into the text field identified by ``locator``.</doc>
<status status="PASS" start="2024-01-27T13:49:42.610475" elapsed="0.476764"/>
</kw>
<kw name="Click Element" owner="SeleniumLibrary">
<msg time="2024-01-27T13:49:43.092231" level="INFO">Clicking element '//span[contains(text(),'Masuk')]'.</msg>
<arg>//span[contains(text(),'Masuk')]</arg>
<doc>Click the element identified by ``locator``.</doc>
<status status="PASS" start="2024-01-27T13:49:43.090232" elapsed="0.245381"/>
</kw>
<kw name="Sleep" owner="BuiltIn">
<msg time="2024-01-27T13:49:48.339245" level="INFO">Slept 5 seconds.</msg>
<arg>5</arg>
<doc>Pauses the test executed for the given time.</doc>
<status status="PASS" start="2024-01-27T13:49:43.337611" elapsed="5.001634"/>
</kw>
<status status="PASS" start="2024-01-27T13:49:34.490648" elapsed="13.850747"/>
</test>
<status status="PASS" start="2024-01-27T13:49:33.879998" elapsed="14.467388"/>
</suite>
<statistics>
<total>
<stat pass="1" fail="0" skip="0">All Tests</stat>
</total>
<tag>
</tag>
<suite>
<stat pass="1" fail="0" skip="0" id="s1" name="Test">Test</stat>
</suite>
</statistics>
<errors>
</errors>
</robot>
